This file contains any messages produced by compilers while
running configure, to aid debugging if configure makes a mistake.

It was created by ESPRESSO configure 7.2, which was
generated by GNU Autoconf 2.71.  Invocation command line was

  $ ./install/configure --disable-parallel --with-internal-FFTW --with-internal-blas --with-internal-lapack ARCH=mac686

## --------- ##
## Platform. ##
## --------- ##

hostname = Marcos-Macbook-Pro.local
uname -m = arm64
uname -r = 23.1.0
uname -s = Darwin
uname -v = Darwin Kernel Version 23.1.0: Mon Oct  9 21:32:52 PDT 2023; root:xnu-10002.41.9~7/RELEASE_ARM64_T8122

/usr/bin/uname -p = arm
/bin/uname -X     = unknown

/bin/arch              = unknown
/usr/bin/arch -k       = unknown
/usr/convex/getsysinfo = unknown
/usr/bin/hostinfo      = Mach kernel version:
	 Darwin Kernel Version 23.1.0: Mon Oct  9 21:32:52 PDT 2023; root:xnu-10002.41.9~7/RELEASE_ARM64_T8122
Kernel configured for up to 8 processors.
8 processors are physically available.
8 processors are logically available.
Processor type: arm64e (ARM64E)
Processors active: 0 1 2 3 4 5 6 7
Primary memory available: 16.00 gigabytes
Default processor set: 491 tasks, 4151 threads, 8 processors
Load average: 2.67, Mach factor: 5.32
/bin/machine           = unknown
/usr/bin/oslevel       = unknown
/bin/universe          = unknown

PATH: /Users/marcolee/.vscode/extensions/ms-python.python-2024.0.0/pythonFiles/deactivate/zsh/
PATH: /Users/marcolee/Library/CloudStorage/OneDrive-HarrowInternationalSchoolHongKong/python/personal/projects/in progress/Atomic model simulation/venv/bin/
PATH: /Users/marcolee/.vscode/extensions/ms-python.python-2024.0.0/pythonFiles/deactivate/zsh/
PATH: /Users/marcolee/Library/CloudStorage/OneDrive-HarrowInternationalSchoolHongKong/python/personal/projects/in progress/Atomic model simulation/venv/bin/
PATH: /Users/marcolee/.nvm/versions/node/v21.6.1/bin/
PATH: /opt/homebrew/bin/
PATH: /opt/homebrew/sbin/
PATH: /Library/Frameworks/Python.framework/Versions/3.10/bin/
PATH: /Library/Frameworks/Python.framework/Versions/3.12/bin/
PATH: /usr/local/bin/
PATH: /System/Cryptexes/App/usr/bin/
PATH: /usr/bin/
PATH: /bin/
PATH: /usr/sbin/
PATH: /sbin/
PATH: /var/run/com.apple.security.cryptexd/codex.system/bootstrap/usr/local/bin/
PATH: /var/run/com.apple.security.cryptexd/codex.system/bootstrap/usr/bin/
PATH: /var/run/com.apple.security.cryptexd/codex.system/bootstrap/usr/appleinternal/bin/
PATH: /Users/marcolee/.vscode/extensions/ms-python.python-2024.0.0/pythonFiles/deactivate/zsh/
PATH: /Users/marcolee/Library/CloudStorage/OneDrive-HarrowInternationalSchoolHongKong/python/personal/projects/in progress/Atomic model simulation/venv/bin/
PATH: /Users/marcolee/.nvm/versions/node/v21.6.1/bin/
PATH: /opt/homebrew/bin/
PATH: /opt/homebrew/sbin/
PATH: /Library/Frameworks/Python.framework/Versions/3.10/bin/
PATH: /Library/Frameworks/Python.framework/Versions/3.12/bin/


## ----------- ##
## Core tests. ##
## ----------- ##

configure:2395: looking for aux files: config.guess config.sub
configure:2408:  trying ./install/
configure:2437:   ./install/config.guess found
configure:2437:   ./install/config.sub found
configure:2609: checking build system type
configure:2624: result: aarch64-apple-darwin23.1.0
configure:2648: checking ARCH
configure:2702: result: mac686
configure:2722: checking setting AR... 
configure:2728: result: ar
configure:2733: checking setting ARFLAGS... 
configure:2739: result: ruv
configure:2827: checking for gfortran
configure:2848: found /opt/homebrew/bin/gfortran
configure:2859: result: gfortran
configure:2885: checking for Fortran compiler version
configure:2894: gfortran --version >&5
GNU Fortran (Homebrew GCC 13.2.0) 13.2.0
Copyright (C) 2023 Free Software Foundation, Inc.
This is free software; see the source for copying conditions.  There is NO
warranty; not even for MERCHANTABILITY or FITNESS FOR A PARTICULAR PURPOSE.

configure:2905: $? = 0
configure:2894: gfortran -v >&5
Using built-in specs.
COLLECT_GCC=gfortran
COLLECT_LTO_WRAPPER=/opt/homebrew/Cellar/gcc/13.2.0/bin/../libexec/gcc/aarch64-apple-darwin23/13/lto-wrapper
Target: aarch64-apple-darwin23
Configured with: ../configure --prefix=/opt/homebrew/opt/gcc --libdir=/opt/homebrew/opt/gcc/lib/gcc/current --disable-nls --enable-checking=release --with-gcc-major-version-only --enable-languages=c,c++,objc,obj-c++,fortran --program-suffix=-13 --with-gmp=/opt/homebrew/opt/gmp --with-mpfr=/opt/homebrew/opt/mpfr --with-mpc=/opt/homebrew/opt/libmpc --with-isl=/opt/homebrew/opt/isl --with-zstd=/opt/homebrew/opt/zstd --with-pkgversion='Homebrew GCC 13.2.0' --with-bugurl=https://github.com/Homebrew/homebrew-core/issues --with-system-zlib --build=aarch64-apple-darwin23 --with-sysroot=/Library/Developer/CommandLineTools/SDKs/MacOSX14.sdk
Thread model: posix
Supported LTO compression algorithms: zlib zstd
gcc version 13.2.0 (Homebrew GCC 13.2.0) 
configure:2905: $? = 0
configure:2894: gfortran -V >&5
gfortran: error: unrecognized command-line option '-V'
gfortran: fatal error: no input files
compilation terminated.
configure:2905: $? = 1
configure:2894: gfortran -qversion >&5
gfortran: error: unrecognized command-line option '-qversion'; did you mean '--version'?
gfortran: fatal error: no input files
compilation terminated.
configure:2905: $? = 1
configure:2920: checking whether the Fortran compiler works
configure:2942: gfortran    conftest.f  >&5
configure:2946: $? = 0
configure:2996: result: yes
configure:2999: checking for Fortran compiler default output file name
configure:3001: result: a.out
configure:3007: checking for suffix of executables
configure:3014: gfortran -o conftest    conftest.f  >&5
configure:3018: $? = 0
configure:3041: result: 
configure:3057: checking whether we are cross compiling
configure:3065: gfortran -o conftest    conftest.f  >&5
configure:3069: $? = 0
configure:3076: ./conftest
configure:3080: $? = 0
configure:3095: result: no
configure:3100: checking for suffix of object files
configure:3117: gfortran -c   conftest.f >&5
configure:3121: $? = 0
configure:3143: result: o
configure:3151: checking whether the compiler supports GNU Fortran
configure:3165: gfortran -c   conftest.F >&5
configure:3165: $? = 0
configure:3175: result: yes
configure:3183: checking whether gfortran accepts -g
configure:3195: gfortran -c -g  conftest.f >&5
configure:3195: $? = 0
configure:3204: result: yes
configure:3237: checking for Fortran flag to compile .f90 files
configure:3258: gfortran -c -g -O2  conftest.f90 >&5
configure:3258: $? = 0
configure:3268: result: none
configure:3459: checking for ifort
configure:3494: result: no
configure:3459: checking for gfortran
configure:3480: found /opt/homebrew/bin/gfortran
configure:3491: result: gfortran
configure:3517: checking for Fortran compiler version
configure:3526: gfortran --version >&5
GNU Fortran (Homebrew GCC 13.2.0) 13.2.0
Copyright (C) 2023 Free Software Foundation, Inc.
This is free software; see the source for copying conditions.  There is NO
warranty; not even for MERCHANTABILITY or FITNESS FOR A PARTICULAR PURPOSE.

configure:3537: $? = 0
configure:3526: gfortran -v >&5
Using built-in specs.
COLLECT_GCC=gfortran
COLLECT_LTO_WRAPPER=/opt/homebrew/Cellar/gcc/13.2.0/bin/../libexec/gcc/aarch64-apple-darwin23/13/lto-wrapper
Target: aarch64-apple-darwin23
Configured with: ../configure --prefix=/opt/homebrew/opt/gcc --libdir=/opt/homebrew/opt/gcc/lib/gcc/current --disable-nls --enable-checking=release --with-gcc-major-version-only --enable-languages=c,c++,objc,obj-c++,fortran --program-suffix=-13 --with-gmp=/opt/homebrew/opt/gmp --with-mpfr=/opt/homebrew/opt/mpfr --with-mpc=/opt/homebrew/opt/libmpc --with-isl=/opt/homebrew/opt/isl --with-zstd=/opt/homebrew/opt/zstd --with-pkgversion='Homebrew GCC 13.2.0' --with-bugurl=https://github.com/Homebrew/homebrew-core/issues --with-system-zlib --build=aarch64-apple-darwin23 --with-sysroot=/Library/Developer/CommandLineTools/SDKs/MacOSX14.sdk
Thread model: posix
Supported LTO compression algorithms: zlib zstd
gcc version 13.2.0 (Homebrew GCC 13.2.0) 
configure:3537: $? = 0
configure:3526: gfortran -V >&5
gfortran: error: unrecognized command-line option '-V'
gfortran: fatal error: no input files
compilation terminated.
configure:3537: $? = 1
configure:3526: gfortran -qversion >&5
gfortran: error: unrecognized command-line option '-qversion'; did you mean '--version'?
gfortran: fatal error: no input files
compilation terminated.
configure:3537: $? = 1
configure:3546: checking whether the compiler supports GNU Fortran
configure:3560: gfortran -c -g -O2  conftest.F >&5
configure:3560: $? = 0
configure:3570: result: yes
configure:3578: checking whether gfortran accepts -g
configure:3590: gfortran -c -g  conftest.f90 >&5
configure:3590: $? = 0
configure:3599: result: yes
configure:3711: WARNING: parallel and serial compiler are the same
configure:3852: checking for cc
configure:3873: found /usr/bin/cc
configure:3884: result: cc
configure:3915: checking for C compiler version
configure:3924: cc --version >&5
Apple clang version 15.0.0 (clang-1500.1.0.2.5)
Target: arm64-apple-darwin23.1.0
Thread model: posix
InstalledDir: /Library/Developer/CommandLineTools/usr/bin
configure:3935: $? = 0
configure:3924: cc -v >&5
Apple clang version 15.0.0 (clang-1500.1.0.2.5)
Target: arm64-apple-darwin23.1.0
Thread model: posix
InstalledDir: /Library/Developer/CommandLineTools/usr/bin
configure:3935: $? = 0
configure:3924: cc -V >&5
clang: error: argument to '-V' is missing (expected 1 value)
clang: error: no input files
configure:3935: $? = 1
configure:3924: cc -qversion >&5
clang: error: unknown argument '-qversion'; did you mean '--version'?
clang: error: no input files
configure:3935: $? = 1
configure:3924: cc -version >&5
clang: error: unknown argument '-version'; did you mean '--version'?
clang: error: no input files
configure:3935: $? = 1
configure:3939: checking whether the compiler supports GNU C
configure:3959: cc -c   conftest.c >&5
configure:3959: $? = 0
configure:3969: result: yes
configure:3980: checking whether cc accepts -g
configure:4001: cc -c -g  conftest.c >&5
configure:4001: $? = 0
configure:4045: result: yes
configure:4065: checking for cc option to enable C11 features
configure:4080: cc  -c -g -O2  conftest.c >&5
conftest.c:23:14: warning: a function definition without a prototype is deprecated in all versions of C and is not supported in C2x [-Wdeprecated-non-prototype]
static char *e (p, i)
             ^
1 warning generated.
configure:4080: $? = 0
configure:4098: result: none needed
configure:4783: checking whether make sets $(MAKE)
configure:4806: result: yes
configure:4934: checking for library containing dgemm
configure:4954: gfortran -o conftest -g -O2  -g    conftest.f90  >&5
ld: Undefined symbols:
  _dgemm_, referenced from:
      _main in ccn81oPl.o
collect2: error: ld returned 1 exit status
configure:4954: $? = 1
configure: failed program was:
|       program main
|       call dgemm
|       end
configure:4954: gfortran -o conftest -g -O2  -g    conftest.f90 -lmkl_gf_lp64 -lmkl_sequential -lmkl_core   >&5
ld: library 'mkl_gf_lp64' not found
collect2: error: ld returned 1 exit status
configure:4954: $? = 1
configure: failed program was:
|       program main
|       call dgemm
|       end
configure:4974: result: no
configure:4934: checking for library containing dgemm
configure:4954: gfortran -o conftest -g -O2  -g -L/opt/intel/mkl/lib/intel64  conftest.f90  >&5
ld: warning: search path '/opt/intel/mkl/lib/intel64' not found
ld: Undefined symbols:
  _dgemm_, referenced from:
      _main in ccy0gESp.o
collect2: error: ld returned 1 exit status
configure:4954: $? = 1
configure: failed program was:
|       program main
|       call dgemm
|       end
configure:4954: gfortran -o conftest -g -O2  -g -L/opt/intel/mkl/lib/intel64  conftest.f90 -lmkl_gf_lp64 -lmkl_sequential -lmkl_core   >&5
ld: warning: search path '/opt/intel/mkl/lib/intel64' not found
ld: library 'mkl_gf_lp64' not found
collect2: error: ld returned 1 exit status
configure:4954: $? = 1
configure: failed program was:
|       program main
|       call dgemm
|       end
configure:4974: result: no
configure:5645: checking for library containing dgemm
configure:5665: gfortran -o conftest -g -O2 -g   conftest.f90 -latlas >&5
ld: library 'atlas' not found
collect2: error: ld returned 1 exit status
configure:5665: $? = 1
configure: failed program was:
|       program main
|       call dgemm
|       end
configure:5665: gfortran -o conftest -g -O2 -g   conftest.f90 -lf77blas -lg2c -latlas >&5
ld: library 'f77blas' not found
collect2: error: ld returned 1 exit status
configure:5665: $? = 1
configure: failed program was:
|       program main
|       call dgemm
|       end
configure:5685: result: no
configure:5645: checking for library containing dgemm
configure:5665: gfortran -o conftest -g -O2 -g -L/usr/local/lib  conftest.f90 -latlas >&5
ld: library 'atlas' not found
collect2: error: ld returned 1 exit status
configure:5665: $? = 1
configure: failed program was:
|       program main
|       call dgemm
|       end
configure:5665: gfortran -o conftest -g -O2 -g -L/usr/local/lib  conftest.f90 -lf77blas -lg2c -latlas >&5
ld: library 'f77blas' not found
collect2: error: ld returned 1 exit status
configure:5665: $? = 1
configure: failed program was:
|       program main
|       call dgemm
|       end
configure:5685: result: no
configure:5718: checking for library containing dgemm
configure:5738: gfortran -o conftest -g -O2 -g   conftest.f90  >&5
ld: Undefined symbols:
  _dgemm_, referenced from:
      _main in ccKXu8Hz.o
collect2: error: ld returned 1 exit status
configure:5738: $? = 1
configure: failed program was:
|       program main
|       call dgemm
|       end
configure:5738: gfortran -o conftest -g -O2 -g   conftest.f90 -lblas-3   >&5
ld: library 'blas-3' not found
collect2: error: ld returned 1 exit status
configure:5738: $? = 1
configure: failed program was:
|       program main
|       call dgemm
|       end
configure:5738: gfortran -o conftest -g -O2 -g   conftest.f90 -lopenblas   >&5
ld: library 'openblas' not found
collect2: error: ld returned 1 exit status
configure:5738: $? = 1
configure: failed program was:
|       program main
|       call dgemm
|       end
configure:5738: gfortran -o conftest -g -O2 -g   conftest.f90 -lblas   >&5
configure:5738: $? = 0
configure:5758: result: -lblas
configure:5902: checking for library containing dspev
configure:5922: gfortran -o conftest -g -O2 -g   conftest.f90  -lblas  >&5
ld: Undefined symbols:
  _dspev_, referenced from:
      _main in ccjJI54P.o
collect2: error: ld returned 1 exit status
configure:5922: $? = 1
configure: failed program was:
|       program main
|       call dspev
|       end
configure:5922: gfortran -o conftest -g -O2 -g   conftest.f90 -llapack-3   -lblas  >&5
ld: library 'lapack-3' not found
collect2: error: ld returned 1 exit status
configure:5922: $? = 1
configure: failed program was:
|       program main
|       call dspev
|       end
configure:5922: gfortran -o conftest -g -O2 -g   conftest.f90 -llapack   -lblas  >&5
configure:5922: $? = 0
configure:5942: result: -llapack
configure:5902: checking for library containing dspev
configure:5922: gfortran -o conftest -g -O2 -g -L/usr/local/lib  conftest.f90  -lblas  >&5
ld: Undefined symbols:
  _dspev_, referenced from:
      _main in ccnoZ1Ds.o
collect2: error: ld returned 1 exit status
configure:5922: $? = 1
configure: failed program was:
|       program main
|       call dspev
|       end
configure:5922: gfortran -o conftest -g -O2 -g -L/usr/local/lib  conftest.f90 -llapack-3   -lblas  >&5
ld: library 'lapack-3' not found
collect2: error: ld returned 1 exit status
configure:5922: $? = 1
configure: failed program was:
|       program main
|       call dspev
|       end
configure:5922: gfortran -o conftest -g -O2 -g -L/usr/local/lib  conftest.f90 -llapack   -lblas  >&5
configure:5922: $? = 0
configure:5942: result: -llapack
configure:5990: checking FFT
configure:6320: checking for library containing dfftw_execute_dft
configure:6340: gfortran -o conftest -g -O2  -g   conftest.f90  >&5
ld: Undefined symbols:
  _dfftw_execute_dft_, referenced from:
      _main in ccCNaTZN.o
collect2: error: ld returned 1 exit status
configure:6340: $? = 1
configure: failed program was:
|       program main
|       call dfftw_execute_dft
|       end
configure:6340: gfortran -o conftest -g -O2  -g   conftest.f90 -lfftw3 -lm  >&5
ld: library 'fftw3' not found
collect2: error: ld returned 1 exit status
configure:6340: $? = 1
configure: failed program was:
|       program main
|       call dfftw_execute_dft
|       end
configure:6360: result: no
configure:6320: checking for library containing dfftw_execute_dft
configure:6340: gfortran -o conftest -g -O2  -g -L/usr/local/lib  conftest.f90  >&5
ld: Undefined symbols:
  _dfftw_execute_dft_, referenced from:
      _main in ccFMaVWr.o
collect2: error: ld returned 1 exit status
configure:6340: $? = 1
configure: failed program was:
|       program main
|       call dfftw_execute_dft
|       end
configure:6340: gfortran -o conftest -g -O2  -g -L/usr/local/lib  conftest.f90 -lfftw3 -lm  >&5
ld: library 'fftw3' not found
collect2: error: ld returned 1 exit status
configure:6340: $? = 1
configure: failed program was:
|       program main
|       call dfftw_execute_dft
|       end
configure:6360: result: no
configure:6425: result: 
configure:6628: checking MASS
configure:6883: result: 
configure:7421: checking ELPA
configure:7500: result: 
configure:8022: checking for Environ
configure:8049: result: not used
configure:8070: result: checking if legacy plugins are enabled ...  no
configure:8130: checking for ranlib
configure:8151: found /usr/bin/ranlib
configure:8163: result: ranlib
configure:8189: checking for wget
configure:8224: result: no
configure:8232: checking for curl
configure:8253: found /usr/bin/curl
configure:8264: result: curl -o
configure:8285: checking for git
configure:8306: found /usr/bin/git
configure:8317: result: git
configure:8498: creating ./config.status

## ---------------------- ##
## Running config.status. ##
## ---------------------- ##

This file was extended by ESPRESSO config.status 7.2, which was
generated by GNU Autoconf 2.71.  Invocation command line was

  CONFIG_FILES    = 
  CONFIG_HEADERS  = 
  CONFIG_LINKS    = 
  CONFIG_COMMANDS = 
  $ ./config.status 

on Marcos-Macbook-Pro.local

config.status:850: creating install/make_lapack.inc
config.status:850: creating include/configure.h
config.status:850: creating make.inc
config.status:850: creating configure.msg
config.status:850: creating install/make_wannier90.inc
config.status:850: creating include/qe_cdefs.h
config.status:1005: include/qe_cdefs.h is unchanged
configure:9651: WARNING: unrecognized options: --with-internal-FFTW, --with-internal-blas, --with-internal-lapack

## ---------------- ##
## Cache variables. ##
## ---------------- ##

ac_cv_build=aarch64-apple-darwin23.1.0
ac_cv_c_compiler_gnu=yes
ac_cv_env_CC_set=
ac_cv_env_CC_value=
ac_cv_env_CFLAGS_set=
ac_cv_env_CFLAGS_value=
ac_cv_env_CPPFLAGS_set=
ac_cv_env_CPPFLAGS_value=
ac_cv_env_EXTLIB_FLAGS_set=
ac_cv_env_EXTLIB_FLAGS_value=
ac_cv_env_FCFLAGS_set=
ac_cv_env_FCFLAGS_value=
ac_cv_env_FC_set=
ac_cv_env_FC_value=
ac_cv_env_LDFLAGS_set=
ac_cv_env_LDFLAGS_value=
ac_cv_env_LIBS_set=
ac_cv_env_LIBS_value=
ac_cv_env_build_alias_set=
ac_cv_env_build_alias_value=
ac_cv_env_host_alias_set=
ac_cv_env_host_alias_value=
ac_cv_env_target_alias_set=
ac_cv_env_target_alias_value=
ac_cv_fc_compiler_gnu=yes
ac_cv_fc_srcext_f90=none
ac_cv_objext=o
ac_cv_prog_ac_ct_CC=cc
ac_cv_prog_ac_ct_FC=gfortran
ac_cv_prog_cc_c11=
ac_cv_prog_cc_g=yes
ac_cv_prog_cc_stdc=
ac_cv_prog_fc_g=yes
ac_cv_prog_git=git
ac_cv_prog_make_make_set=yes
ac_cv_prog_ranlib=ranlib
ac_cv_prog_wget='curl -o'
ac_cv_search_dfftw_execute_dft=no
ac_cv_search_dgemm=-lblas
ac_cv_search_dspev=-llapack

## ----------------- ##
## Output variables. ##
## ----------------- ##

CC='cc'
CFLAGS='-O3'
CPPFLAGS='-O3'
DEFS='-DHAVE_CONFIG_H'
ECHO_C='\c'
ECHO_N=''
ECHO_T=''
EXEEXT=''
EXTLIB_FLAGS=''
FC='gfortran'
FCFLAGS='-g -O2'
FCFLAGS_f90=''
LDFLAGS=' -g -L/usr/local/lib'
LIBOBJS=''
LIBS=''
LIBS_LIBXC=''
LTLIBOBJS=''
OBJEXT='o'
PACKAGE_BUGREPORT=''
PACKAGE_NAME='ESPRESSO'
PACKAGE_STRING='ESPRESSO 7.2'
PACKAGE_TARNAME='espresso'
PACKAGE_URL=''
PACKAGE_VERSION='7.2'
PATH_SEPARATOR=':'
SET_MAKE=''
SHELL='/bin/sh'
ac_ct_CC='cc'
ac_ct_FC='gfortran'
ar='ar'
arch='mac686'
arflags='ruv'
bindir='${exec_prefix}/bin'
blas_libs=' -lblas '
blas_line='BLAS_LIBS= -lblas '
build='aarch64-apple-darwin23.1.0'
build_alias=''
build_cpu='aarch64'
build_os='darwin23.1.0'
build_vendor='apple'
cc='cc'
cflags='-O3'
cpp='cpp'
cppflags='-P -traditional -Uvector'
cuda_cflags=''
cuda_extlibs='devxlib'
cuda_fflags=''
cuda_libs=''
cuda_runtime=''
datadir='${datarootdir}'
datarootdir='${prefix}/share'
dflags=' -D__FFTW'
docdir='${datarootdir}/doc/${PACKAGE_TARNAME}'
dvidir='${docdir}'
elpa_libs=''
elpa_line='@delete@'
environ_libs=''
exec_prefix='${prefix}'
extfox=''
extlib_flags=''
f90='gfortran'
f90flags='$(FFLAGS) -cpp'
f90rule='$(MPIF90) $(F90FLAGS) -c $<'
fdflags='$(DFLAGS) $(MANUAL_DFLAGS)'
fflags='-O3 -g -fallow-argument-mismatch'
fflags_nomain=''
fflags_noopt='-O0 -g'
fft_libs=''
fft_line='FFT_LIBS='
foxflags=''
foxlibs=''
foxmods=''
git='git'
gpu_arch=''
hdf5_libs=''
hdf5_line=''
host_alias=''
htmldir='${docdir}'
iflags='-I. -I$(TOPDIR)/include'
imod='-I'
includedir='${prefix}/include'
infodir='${datarootdir}/info'
lapack_libs='-L/usr/local/lib -llapack  -lblas '
lapack_line='LAPACK_LIBS=-L/usr/local/lib -llapack  -lblas '
lapack_target=''
ld='gfortran'
ld_libs=''
ldflags='-g'
libdir='${exec_prefix}/lib'
libexecdir='${exec_prefix}/libexec'
libxc_line=''
localedir='${datarootdir}/locale'
localstatedir='${prefix}/var'
mandir='${datarootdir}/man'
mass_libs=''
mass_line='@delete@'
mpi_libs=''
mpi_line='@delete@'
mpif90='gfortran'
oldincludedir='/usr/include'
parallel_report='Configured for compilation of serial executables.'
pdfdir='${docdir}'
pre_fdflags=''
prefix='/usr/local'
program_transform_name='s,x,x,'
psdir='${docdir}'
ranlib='ranlib -c'
runstatedir='${localstatedir}/run'
sbindir='${exec_prefix}/sbin'
scalapack_libs=''
scalapack_line='@delete@'
sharedstatedir='${prefix}/com'
sysconfdir='${prefix}/etc'
target_alias=''
topdir='/Users/marcolee/Library/CloudStorage/OneDrive-HarrowInternationalSchoolHongKong/python/personal/projects/in progress/Atomic model simulation/qe-7.3'
wget='curl -o'

## ----------- ##
## confdefs.h. ##
## ----------- ##

/* confdefs.h */
#define PACKAGE_NAME "ESPRESSO"
#define PACKAGE_TARNAME "espresso"
#define PACKAGE_VERSION "7.2"
#define PACKAGE_STRING "ESPRESSO 7.2"
#define PACKAGE_BUGREPORT ""
#define PACKAGE_URL ""

configure: exit 0
